<?xml version="1.0" encoding="UTF-8"?>
<!-- Generated by org.testng.reporters.JUnitXMLReporter -->
<testsuite ignored="2" hostname="DESKTOP-J8IK9JH" failures="1" tests="3" name="Docker-Test-Firefox" time="61.601" errors="0" timestamp="2025-03-21T14:36:48 MEZ">
  <testcase classname="testCases.TC001_Login_Test" name="verify_login_Test" time="0.589"/>
  <testcase classname="testCases.TC002_AddtoCart_Test" name="verify_AddtpCart" time="60.035">
    <failure type="org.openqa.selenium.NoSuchElementException" message="Unable to locate element: //button[@id=&amp;apos;add-to-cart-sauce-labs-backpack&amp;apos;]
For documentation on this error, please visit: https://www.selenium.dev/documentation/webdriver/troubleshooting/errors#no-such-element-exception
Build info: version: &amp;apos;4.28.1&amp;apos;, revision: &amp;apos;73f5ad48a2&amp;apos;
System info: os.name: &amp;apos;Windows 11&amp;apos;, os.arch: &amp;apos;amd64&amp;apos;, os.version: &amp;apos;10.0&amp;apos;, java.version: &amp;apos;23.0.2&amp;apos;
Driver info: org.openqa.selenium.remote.RemoteWebDriver
Command: [5c144a89-0755-42a3-a449-9108f7f685df, findElement {value=//button[@id=&amp;apos;add-to-cart-sauce-labs-backpack&amp;apos;], using=xpath}]
Capabilities {acceptInsecureCerts: false, browserName: firefox, browserVersion: 136.0, container:hostname: c91f712a569a, moz:accessibilityChecks: false, moz:buildID: 20250227124745, moz:geckodriverVersion: 0.36.0, moz:headless: false, moz:platformVersion: 5.15.167.4-microsoft-standa..., moz:processID: 389, moz:profile: /tmp/rust_mozprofilezcpvNT, moz:shutdownTimeout: 60000, moz:webdriverClick: true, moz:windowless: false, pageLoadStrategy: normal, platformName: linux, proxy: Proxy(), se:bidiEnabled: false, se:cdp: ws://172.18.0.2:4444/sessio..., se:containerName: c91f712a569a, se:noVncPort: 7900, se:vnc: ws://172.18.0.2:4444/sessio..., se:vncEnabled: true, se:vncLocalAddress: ws://172.18.0.2:7900, setWindowRect: true, strictFileInteractability: false, timeouts: {implicit: 0, pageLoad: 300000, script: 30000}, unhandledPromptBehavior: dismiss and notify, userAgent: Mozilla/5.0 (X11; Linux x86...}
Session ID: 5c144a89-0755-42a3-a449-9108f7f685df">
      <![CDATA[org.openqa.selenium.NoSuchElementException: Unable to locate element: //button[@id='add-to-cart-sauce-labs-backpack']
For documentation on this error, please visit: https://www.selenium.dev/documentation/webdriver/troubleshooting/errors#no-such-element-exception
Build info: version: '4.28.1', revision: '73f5ad48a2'
System info: os.name: 'Windows 11', os.arch: 'amd64', os.version: '10.0', java.version: '23.0.2'
Driver info: org.openqa.selenium.remote.RemoteWebDriver
Command: [5c144a89-0755-42a3-a449-9108f7f685df, findElement {value=//button[@id='add-to-cart-sauce-labs-backpack'], using=xpath}]
Capabilities {acceptInsecureCerts: false, browserName: firefox, browserVersion: 136.0, container:hostname: c91f712a569a, moz:accessibilityChecks: false, moz:buildID: 20250227124745, moz:geckodriverVersion: 0.36.0, moz:headless: false, moz:platformVersion: 5.15.167.4-microsoft-standa..., moz:processID: 389, moz:profile: /tmp/rust_mozprofilezcpvNT, moz:shutdownTimeout: 60000, moz:webdriverClick: true, moz:windowless: false, pageLoadStrategy: normal, platformName: linux, proxy: Proxy(), se:bidiEnabled: false, se:cdp: ws://172.18.0.2:4444/sessio..., se:containerName: c91f712a569a, se:noVncPort: 7900, se:vnc: ws://172.18.0.2:4444/sessio..., se:vncEnabled: true, se:vncLocalAddress: ws://172.18.0.2:7900, setWindowRect: true, strictFileInteractability: false, timeouts: {implicit: 0, pageLoad: 300000, script: 30000}, unhandledPromptBehavior: dismiss and notify, userAgent: Mozilla/5.0 (X11; Linux x86...}
Session ID: 5c144a89-0755-42a3-a449-9108f7f685df
at org.openqa.selenium.remote.ErrorCodec.decode(ErrorCodec.java:167)
at org.openqa.selenium.remote.codec.w3c.W3CHttpResponseCodec.decode(W3CHttpResponseCodec.java:138)
at org.openqa.selenium.remote.codec.w3c.W3CHttpResponseCodec.decode(W3CHttpResponseCodec.java:50)
at org.openqa.selenium.remote.HttpCommandExecutor.execute(HttpCommandExecutor.java:215)
at org.openqa.selenium.remote.TracedCommandExecutor.execute(TracedCommandExecutor.java:53)
at org.openqa.selenium.remote.RemoteWebDriver.execute(RemoteWebDriver.java:545)
at org.openqa.selenium.remote.ElementLocation$ElementFinder$2.findElement(ElementLocation.java:165)
at org.openqa.selenium.remote.ElementLocation.findElement(ElementLocation.java:59)
at org.openqa.selenium.remote.RemoteWebDriver.findElement(RemoteWebDriver.java:368)
at org.openqa.selenium.remote.RemoteWebDriver.findElement(RemoteWebDriver.java:362)
at org.openqa.selenium.support.pagefactory.DefaultElementLocator.findElement(DefaultElementLocator.java:68)
at org.openqa.selenium.support.pagefactory.internal.LocatingElementHandler.invoke(LocatingElementHandler.java:38)
at jdk.proxy2/jdk.proxy2.$Proxy19.click(Unknown Source)
at pageObjects.Homepage.clickAddCart(Homepage.java:46)
at testCases.TC002_AddtoCart_Test.verify_AddtpCart(TC002_AddtoCart_Test.java:24)
at java.base/java.util.ArrayList.forEach(ArrayList.java:1597)
... Removed 28 stack frames]]>
    </failure>
  </testcase> <!-- verify_AddtpCart -->
  <testcase classname="testCases.TC002_AddtoCart_Test" name="verify_reactclick" time="0.556"/>
  <testcase classname="testBase.Baseclass" name="@BeforeSuite setup" time="0.0">
    <ignored/>
  </testcase> <!-- @BeforeSuite setup -->
  <testcase classname="testBase.Baseclass" name="@AfterSuite tearDown" time="0.0">
    <ignored/>
  </testcase> <!-- @AfterSuite tearDown -->
</testsuite> <!-- Docker-Test-Firefox -->
