<?xml version="1.0" encoding="UTF-8"?>
<!-- Generated by org.testng.reporters.JUnitXMLReporter -->
<testsuite ignored="0" hostname="DESKTOP-J8IK9JH" failures="0" tests="1" name="firefoxTest" time="0.029" errors="0" timestamp="2025-02-04T15:28:11 MEZ">
  <testcase classname="testBase.Baseclass" name="@BeforeSuite setup" time="-1.738679290935E9">
    <failure type="org.testng.TestNGException" message="
Parameter &amp;apos;os&amp;apos; is required by BeforeSuite on method setup but has not been marked @Optional or defined
in C:\Users\gin\eclipse-workspace\test5\Crossbrowsertestng.xml">
      <![CDATA[org.testng.TestNGException: 
Parameter 'os' is required by BeforeSuite on method setup but has not been marked @Optional or defined
in C:\Users\gin\eclipse-workspace\test5\Crossbrowsertestng.xml
... Removed 16 stack frames]]>
    </failure>
  </testcase> <!-- @BeforeSuite setup -->
  <testcase classname="testCases.TC001_Login_Test" name="verify_login" time="0.0">
    <skipped/>
  </testcase> <!-- verify_login -->
</testsuite> <!-- firefoxTest -->
