<?xml version="1.0" encoding="UTF-8"?>
<!-- Generated by org.testng.reporters.JUnitXMLReporter -->
<testsuite ignored="2" hostname="DESKTOP-J8IK9JH" failures="1" tests="2" name="Linux-Chrome" time="1.145" errors="0" timestamp="2025-03-21T09:39:50 MEZ">
  <testcase classname="testBase.Baseclass" name="@BeforeSuite setup" time="-1.742546389297E9">
    <failure type="org.testng.TestNGException" message="
Parameter &amp;apos;os&amp;apos; is required by BeforeSuite on method setup but has not been marked @Optional or defined
in C:\Users\gin\eclipse-workspace\test5\grid-docker.xml">
      <![CDATA[org.testng.TestNGException: 
Parameter 'os' is required by BeforeSuite on method setup but has not been marked @Optional or defined
in C:\Users\gin\eclipse-workspace\test5\grid-docker.xml
... Removed 16 stack frames]]>
    </failure>
  </testcase> <!-- @BeforeSuite setup -->
  <testcase classname="testCases.TC001_Login_Test" name="verify_login_Test" time="0.0">
    <skipped/>
  </testcase> <!-- verify_login_Test -->
  <testcase classname="testCases.TC001_Login_Test" name="verify_login_Test" time="0.901">
    <failure type="java.lang.NullPointerException" message="Cannot invoke &amp;quot;java.lang.Throwable.getMessage()&amp;quot; because the return value of &amp;quot;org.testng.ITestResult.getThrowable()&amp;quot; is null">
      <![CDATA[java.lang.NullPointerException: Cannot invoke "java.lang.Throwable.getMessage()" because the return value of "org.testng.ITestResult.getThrowable()" is null
at utilities.ExtentReportManager.onTestSkipped(ExtentReportManager.java:95)
at java.base/java.util.ArrayList.forEach(ArrayList.java:1597)
... Removed 25 stack frames]]>
    </failure>
  </testcase> <!-- verify_login_Test -->
  <testcase classname="testBase.Baseclass" name="@BeforeSuite setup" time="0.0">
    <ignored/>
  </testcase> <!-- @BeforeSuite setup -->
  <testcase classname="testBase.Baseclass" name="@AfterSuite tearDown" time="0.0">
    <ignored/>
  </testcase> <!-- @AfterSuite tearDown -->
</testsuite> <!-- Linux-Chrome -->
